<?xml version="1.0" encoding="UTF-8"?>
<testng-results skipped="0" failed="0" ignored="0" total="1" passed="1">
  <reporter-output>
  </reporter-output>
  <suite name="Default suite" duration-ms="2843" started-at="2022-04-26T20:18:49 IST" finished-at="2022-04-26T20:18:52 IST">
    <groups>
    </groups>
    <test name="Default test" duration-ms="2843" started-at="2022-04-26T20:18:49 IST" finished-at="2022-04-26T20:18:52 IST">
      <class name="com.api.qa.test.TC005_GET">
        <test-method status="PASS" signature="getTC005()[pri:0, instance:com.api.qa.test.TC005_GET@34cd072c]" name="getTC005" duration-ms="2800" started-at="2022-04-26T20:18:49 IST" finished-at="2022-04-26T20:18:52 IST">
          <reporter-output>
          </reporter-output>
        </test-method> <!-- getTC005 -->
      </class> <!-- com.api.qa.test.TC005_GET -->
    </test> <!-- Default test -->
  </suite> <!-- Default suite -->
</testng-results>
